        -:    0:Source:ttt.c
        -:    0:Graph:ttt.gcno
        -:    0:Data:ttt.gcda
        -:    0:Runs:8
        -:    1:#include <stdio.h>
        -:    2:#include <stdlib.h>
        -:    3:#include <string.h>
        -:    4:#include <stdbool.h>
        -:    5:
        -:    6:#define ROW_COL 3 //size of matrix (3X3)
        -:    7:int digitsPlay[9]; //steps of the program
        -:    8:int matrixPlay[ROW_COL][ROW_COL] = {0}; //the matrix of ttt
        -:    9:
        -:   10:/*
        -:   11: * function that check invalid arg
        -:   12: */
        8:   13:void input_validation(int argc , char *argv[])
        -:   14:{
        -:   15:    //Too many parameters
        8:   16:    if(argc > 2)
        -:   17:    {
        1:   18:        printf("Error- you need to input *only one* arg!\n");
        1:   19:        exit(EXIT_FAILURE);  // Terminate the program successfully
        -:   20:    }
        -:   21:
        -:   22:    //no parameter
        7:   23:    if(argc == 1)
        -:   24:    {
        2:   25:        printf("Error- you need to input arg, for example: '156324789'!\n");
        2:   26:        exit(EXIT_FAILURE);
        -:   27:    }
        -:   28:
        5:   29:    char* inputPlay = argv[1];
        5:   30:    unsigned long int size = strlen(inputPlay);
        5:   31:    int countD[10]={0}; //hold digits appears
        -:   32:    int converTodigit;
        -:   33:
        -:   34:
        -:   35:    //only 9 digit
        5:   36:    if(size != 9)
        -:   37:    {
        3:   38:        printf("Error- you need to input arg with only 9 digits length!\n");
        3:   39:        exit(EXIT_FAILURE);
        -:   40:    }
        -:   41:
        -:   42:    //only digit 1-9
       19:   43:    for(size_t i = 0; i < size; i++)
        -:   44:    {
       18:   45:        char c = inputPlay[i];
       18:   46:        if(c < '1' || c > '9')
        -:   47:        {
    #####:   48:            printf("Error- you need to only digits 1-9!\n");
    #####:   49:            exit(EXIT_FAILURE);
        -:   50:        }
        -:   51:
       18:   52:        converTodigit = c - '0';
       18:   53:        countD[converTodigit]++;
       18:   54:        if(countD[converTodigit] > 1)
        -:   55:        {
        1:   56:            printf("Error- there is a digit that appears more than once\n");
        1:   57:            exit(EXIT_FAILURE);
        -:   58:        }
        -:   59:
       17:   60:        digitsPlay[i] = converTodigit;
        -:   61:    }
        -:   62:
        -:   63:    //if digit appears more than once
       10:   64:    for (int i = 1; i < 10; ++i)
        -:   65:    {
        9:   66:        if(countD[i] != 1)
        -:   67:        {
    #####:   68:            printf("Error- there is a digit that appears more than once\n");
    #####:   69:            exit(EXIT_FAILURE);
        -:   70:        }
        -:   71:    }
        -:   72:
        1:   73:}
        -:   74:
        -:   75:/*
        -:   76: * func that check if the game finished.
        -:   77: * if the program win-will print "I WIN"
        -:   78: * else-will print "I LOST"
        -:   79: */
        -:   80:
        6:   81:bool checkFinishGame()
        -:   82:{
        -:   83:    //check diagonals
       6*:   84:    if (matrixPlay[0][0] == matrixPlay[1][1] && matrixPlay[1][1] == matrixPlay[2][2] && matrixPlay[0][0] != 0)
        -:   85:    {
    #####:   86:        if(matrixPlay[0][0] == -1)
        -:   87:        {
    #####:   88:            printf("I WIN!\n");
    #####:   89:            return true;
    #####:   90:        } else if(matrixPlay[0][0] == -2){
    #####:   91:            printf("I LOST.. \n");
    #####:   92:            return true;
        -:   93:        }
        -:   94:    }
        -:   95:
        6:   96:    if (matrixPlay[0][2] == matrixPlay[1][1] && matrixPlay[1][1] == matrixPlay[2][0] && matrixPlay[0][2] != 0)
        -:   97:    {
    #####:   98:        if(matrixPlay[0][2] == -1)
        -:   99:        {
    #####:  100:            printf("I WIN!\n");
    #####:  101:            return true;
    #####:  102:        } else if(matrixPlay[0][2] == -2){
    #####:  103:            printf("I LOST.. \n");
    #####:  104:            return true;
        -:  105:        }
        -:  106:    }
        -:  107:
        -:  108:    //check ROWS and COLS
       22:  109:    for (int i = 0; i < ROW_COL; ++i)
        -:  110:    {
       17:  111:        if(matrixPlay[i][0]==matrixPlay[i][1] && matrixPlay[i][1]==matrixPlay[i][2] && matrixPlay[i][0] != 0)
        -:  112:        {
    #####:  113:            if(matrixPlay[i][0] == -1)
        -:  114:            {
    #####:  115:                printf("I WIN!\n");
    #####:  116:                return true;
    #####:  117:            } else if(matrixPlay[i][0] == -2){
    #####:  118:                printf("I LOST.. \n");
    #####:  119:                return true;
        -:  120:            }
        -:  121:        }
       17:  122:        if(matrixPlay[0][i]==matrixPlay[1][i] && matrixPlay[1][i]==matrixPlay[2][i] && matrixPlay[0][i] != 0)
        -:  123:        {
        1:  124:            if(matrixPlay[0][i] == -1)
        -:  125:            {
    #####:  126:                printf("I WIN!\n");
    #####:  127:                return true;
        1:  128:            } else if(matrixPlay[0][i] == -2){
        1:  129:                printf("I LOST.. \n");
        1:  130:                return true;
        -:  131:            }
        -:  132:        }
        -:  133:    }
        5:  134:    return false;
        -:  135:}
        -:  136:
        -:  137:
        -:  138:/*
        -:  139: * Function that updates the computers list of moves
        -:  140: */
        6:  141:void update_list(int position)
        -:  142:{
       23:  143:    for (size_t i = 0; i < sizeof(digitsPlay); i++)
        -:  144:    {
       23:  145:        if (digitsPlay[i] == position)
        -:  146:        {
        6:  147:            digitsPlay[i] = 0;  // Mark as played
        6:  148:            return;
        -:  149:        }
        -:  150:    }
        -:  151:}
        -:  152:
        -:  153:
        -:  154:// program step - check in list for the next move + add to board
        3:  155:void programStep()
        -:  156:{
        -:  157:    int position;
        8:  158:    for (size_t i = 0; i < sizeof(digitsPlay); i++)
        -:  159:    {
        8:  160:        position = digitsPlay[i];
        8:  161:        if (position != 0)  // If has not been played yet
        -:  162:        {
        3:  163:            ((int*)matrixPlay)[position-1] = -1;  // Mark on board
        3:  164:            update_list(position); // Mark in list as played
        3:  165:            printf("Computer moved on : %d\n", position);
        3:  166:            return;
        -:  167:        }
        -:  168:    }
        -:  169:}
        -:  170:
        -:  171:// player's step - check if legal move + add to board
        3:  172:void playerStep()
        -:  173:{
        -:  174:    int position;
        3:  175:    bool legal = false;
        -:  176:    int is_digit;
        -:  177:    // A loop which makes sure that player's move is legal
       12:  178:    while (!legal)
        -:  179:    {
        9:  180:        printf("Your move : ");
        9:  181:        is_digit = scanf("%d", &position);  // If is_digit is 0 then the user did not input a number
        9:  182:        if (position > 9 || position < 1 || is_digit != 1)  // user input is not between 1 and 9
        -:  183:        {
        5:  184:            getchar();  // In case there was a digit input
        5:  185:            printf("please enter a number between 1 and 9\n");
        5:  186:            legal = false;
        -:  187:        }
        -:  188:
        -:  189:        else    // user input is between 1 and 9
        -:  190:        {
        4:  191:            if (((int*)matrixPlay)[position-1] != 0)  // Position is taken
        -:  192:            {     
        1:  193:                printf("This position is taken\n");
        1:  194:                legal = false;
        -:  195:            }
        -:  196:
        -:  197:            else    // Valid input
        -:  198:            {   
        3:  199:                ((int*)matrixPlay)[position-1] = -2;  // Mark on board
        3:  200:                update_list(position);  // Mark in list as played
        3:  201:                printf("moved succesfully\n");
        3:  202:                legal = true;
        -:  203:            }   
        -:  204:        }
        -:  205:    }
        3:  206:}
        -:  207:
        8:  208:int main(int argc , char *argv[])
        -:  209:{
        -:  210:    // Checks if input is correct + add the values to the digitplay
        8:  211:    input_validation(argc,argv);
        1:  212:    bool turn = true;   // true = computer's turn. false = player's turn
        -:  213:
        -:  214:    // A loop which itarates for all of the moves needed
        6:  215:    for (size_t i = 0; i < ROW_COL*ROW_COL; i++)
        -:  216:    {
        6:  217:        if (turn)   // Computers turn
        -:  218:        {
        3:  219:            programStep();
        3:  220:            turn = false;
        -:  221:        }
        -:  222:        else        // Player's turn
        -:  223:        {
        3:  224:            playerStep();
        3:  225:            turn = true;
        -:  226:        }
        -:  227:
        6:  228:        if (checkFinishGame())
        -:  229:        {
        1:  230:            return 0;
        -:  231:        }
        -:  232:    }
        -:  233:    // End of the loop the board is full, so if it has reached here then there is no winner, tie.
    #####:  234:    printf("TIE!\n");
    #####:  235:    return 0;
        -:  236:}
